  Parsing headers for PrisonBreakEditor
    Running UnrealHeaderTool "C:\Users\sjso1\Desktop\PrisonBreak_BetaMaster\PrisonBreak.uproject" "C:\Users\sjso1\Desktop\PrisonBreak_BetaMaster\Intermediate\Build\Win64\PrisonBreakEditor\Development\PrisonBreakEditor.uhtmanifest" -LogCmds="loginit warning, logexit warning, logdatabase error" -Unattended -WarningsAsErrors -abslog="C:\Users\sjso1\AppData\Local\UnrealBuildTool\Log_UHT.txt" -installed
  Reflection code generated for PrisonBreakEditor in 9.2787239 seconds
  Deleted hot-reload file: C:\Users\sjso1\Desktop\PrisonBreak_BetaMaster\Binaries\Win64\UE4Editor-PrisonBreak-0001.dll
  Deleted hot-reload file: C:\Users\sjso1\Desktop\PrisonBreak_BetaMaster\Intermediate\Build\Win64\UE4Editor\Development\PrisonBreak\UE4Editor-PrisonBreak-0001.lib
  Building PrisonBreakEditor...
  Using Visual Studio 2019 14.28.29914 toolchain (C:\Program Files (x86)\Microsoft Visual Studio\2019\Community\VC\Tools\MSVC\14.28.29910) and Windows 10.0.19041.0 SDK (C:\Program Files (x86)\Windows Kits\10).
  Distributing 22 actions to XGE
  --------------------Build System Warning---------------------------------------
  License is invalid:
      License information is invalid. Please try reloading your license file using the Coordinator Monitor application on the Coordinator machine, or reinstall IncrediBuild.
      This build will run in standalone mode.
  
  -------------------------------------------------------------------------------
  --------------------Project: Default-------------------------------------------
  Enemy.gen.cpp (0:13.14 at +0:00)
  CCTV.gen.cpp (0:01.57 at +0:13)
  PlayerB.gen.cpp (0:02.42 at +0:14)
  triggerA.cpp (0:02.76 at +0:17)
  EnemyAIController.cpp (0:09.20 at +0:19)
  triggerB.gen.cpp (0:01.71 at +0:29)
  PlayerStateUI.cpp (0:06.53 at +0:30)
  PrisonBreakGameMode.cpp (0:01.73 at +0:37)
  EnemyAIController.gen.cpp (0:02.43 at +0:39)
  PlayerA_Door.cpp (0:01.25 at +0:41)
  PlayerA.cpp (0:02.25 at +0:42)
  Enemy.cpp (0:02.45 at +0:45)
  triggerA.gen.cpp (0:01.32 at +0:47)
  CCTV.cpp (0:01.48 at +0:48)
  triggerB.cpp (0:01.53 at +0:50)
  PlayerA.gen.cpp (0:01.40 at +0:51)
  EnemyFSM.cpp (0:01.42 at +0:53)
  Door.cpp (0:01.46 at +0:54)
  PlayerB.cpp (0:02.12 at +0:56)
  UE4Editor-PrisonBreak.dll (0:01.29 at +0:58)
     C:\Users\sjso1\Desktop\PrisonBreak_BetaMaster\Intermediate\Build\Win64\UE4Editor\Development\PrisonBreak\UE4Editor-PrisonBreak.suppressed.lib 라이브러리 및 C:\Users\sjso1\Desktop\PrisonBreak_BetaMaster\Intermediate\Build\Win64\UE4Editor\Development\PrisonBreak\UE4Editor-PrisonBreak.suppressed.exp 개체를 생성하고 있습니다.
  UE4Editor-PrisonBreak.lib (0:00.23 at +0:59)
     C:\Users\sjso1\Desktop\PrisonBreak_BetaMaster\Intermediate\Build\Win64\UE4Editor\Development\PrisonBreak\UE4Editor-PrisonBreak.lib 라이브러리 및 C:\Users\sjso1\Desktop\PrisonBreak_BetaMaster\Intermediate\Build\Win64\UE4Editor\Development\PrisonBreak\UE4Editor-PrisonBreak.exp 개체를 생성하고 있습니다.
  PrisonBreakEditor.target (0:00.34 at +0:59)
  ---------------------- Done ----------------------
  
      Rebuild All: 1 succeeded, 0 failed, 0 skipped
  
  1 build system warning(s):
     - License is invalid
  
  Total time in XGE executor: 60.99 seconds
  Total execution time: 71.89 seconds
